<?xml version="1.0" encoding="UTF-8"?>
<!-- Generated by org.testng.reporters.JUnitXMLReporter -->
<testsuite hostname="DESKTOP-LNUQ5F6" name="Default test" tests="5" failures="0" timestamp="29 Jan 2019 03:11:39 GMT" time="95.559" errors="0">
  <testcase name="searchBoxTest" time="16.301" classname="com.test.webPages.AutocompleteTest"/>
  <testcase name="searchBoxTest" time="19.356" classname="com.test.webPages.AutocompleteTest"/>
  <testcase name="searchBoxTest" time="14.161" classname="com.test.webPages.AutocompleteTest"/>
  <testcase name="searchBoxTest" time="22.822" classname="com.test.webPages.AutocompleteTest"/>
  <testcase name="searchBoxTest" time="13.374" classname="com.test.webPages.AutocompleteTest"/>
</testsuite> <!-- Default test -->
