<?xml version="1.0" encoding="UTF-8"?>
<!-- Generated by org.testng.reporters.JUnitXMLReporter -->
<testsuite hostname="DESKTOP-LNUQ5F6" ignored="0" name="Valiating subjects" tests="1" failures="1" timestamp="17 Sep 2018 01:42:36 GMT" time="28.803" errors="0">
  <testcase name="basePageNavigation" time="25.29" classname="com.manjula.validateTitle">
    <failure type="junit.framework.ComparisonFailure" message="expected:&amp;lt;...&amp;gt; but was:&amp;lt;...!&amp;gt;">
      <![CDATA[junit.framework.ComparisonFailure: expected:<...> but was:<...!>
	at junit.framework.Assert.assertEquals(Assert.java:81)
	at junit.framework.Assert.assertEquals(Assert.java:87)
	at com.manjula.validateTitle.basePageNavigation(validateTitle.java:27)
... Removed 25 stack frames]]>
    </failure>
  </testcase> <!-- basePageNavigation -->
</testsuite> <!-- Valiating subjects -->
